<testsuites id="" name="" tests="2" failures="0" skipped="0" errors="0" time="2.893">
<testsuite name="login.spec.js" timestamp="1657202284373" hostname="" tests="2" failures="0" skipped="0" time="2.459" errors="0">
<testcase name="Login validations Login with valid credentials" classname="[chromium] › login.spec.js:6:5 › Login validations › Login with valid credentials" time="1.421">
<properties>
<property name="test_key" value="EWB-241">
</property>
<property name="test_summary" value="Successful login.">
</property>
<property name="requirements" value="EWB-270">
</property>
<property name="test_description">
<![CDATA[Validate that the login is successful.]]>
</property>
<property name="testrun_evidence">
</property>
</properties>
</testcase>
<testcase name="Login validations Login with invalid credentials" classname="[chromium] › login.spec.js:21:5 › Login validations › Login with invalid credentials" time="1.038">
<properties>
[...]
</properties>
</testcase>
</testsuite>
</testsuites>
